This file contains any messages produced by compilers while
running configure, to aid debugging if configure makes a mistake.

It was created by spamguard configure 1.8, which was
generated by GNU Autoconf 2.62.  Invocation command line was

  $ ./configure 

## --------- ##
## Platform. ##
## --------- ##

hostname = fuzuli.enderunix.org
uname -m = i386
uname -r = 7.4-STABLE
uname -s = FreeBSD
uname -v = FreeBSD 7.4-STABLE #0: Mon Mar 28 14:03:23 EEST 2011     root@fuzuli.enderunix.org:/usr/obj/usr/src/sys/euKern 

/usr/bin/uname -p = i386
/bin/uname -X     = unknown

/bin/arch              = unknown
/usr/bin/arch -k       = unknown
/usr/convex/getsysinfo = unknown
/usr/bin/hostinfo      = unknown
/bin/machine           = unknown
/usr/bin/oslevel       = unknown
/bin/universe          = unknown

PATH: /sbin
PATH: /bin
PATH: /usr/sbin
PATH: /usr/bin
PATH: /usr/games
PATH: /usr/local/sbin
PATH: /usr/local/bin
PATH: /usr/X11R6/bin
PATH: /usr/home/cihangir/bin


## ----------- ##
## Core tests. ##
## ----------- ##

configure:1875: checking build system type
configure:1893: result: i386-unknown-freebsd7.4
configure:1915: checking host system type
configure:1930: result: i386-unknown-freebsd7.4
configure:1952: checking target system type
configure:1967: result: i386-unknown-freebsd7.4
configure:2017: checking for a BSD-compatible install
configure:2085: result: /usr/bin/install -c
configure:2096: checking whether build environment is sane
configure:2139: result: yes
configure:2164: checking for a thread-safe mkdir -p
configure:2203: result: ./install-sh -c -d
configure:2216: checking for gawk
configure:2246: result: no
configure:2216: checking for mawk
configure:2246: result: no
configure:2216: checking for nawk
configure:2232: found /usr/bin/nawk
configure:2243: result: nawk
configure:2254: checking whether make sets $(MAKE)
configure:2276: result: yes
configure:2514: checking for gcc
configure:2530: found /usr/bin/gcc
configure:2541: result: gcc
configure:2779: checking for C compiler version
configure:2787: gcc --version >&5
gcc (GCC) 4.2.1 20070719  [FreeBSD]
Copyright (C) 2007 Free Software Foundation, Inc.
This is free software; see the source for copying conditions.  There is NO
warranty; not even for MERCHANTABILITY or FITNESS FOR A PARTICULAR PURPOSE.

configure:2791: $? = 0
configure:2798: gcc -v >&5
Using built-in specs.
Target: i386-undermydesk-freebsd
Configured with: FreeBSD/i386 system compiler
Thread model: posix
gcc version 4.2.1 20070719  [FreeBSD]
configure:2802: $? = 0
configure:2809: gcc -V >&5
gcc: '-V' option must have argument
configure:2813: $? = 1
configure:2836: checking for C compiler default output file name
configure:2858: gcc    conftest.c  >&5
configure:2862: $? = 0
configure:2900: result: a.out
configure:2917: checking whether the C compiler works
configure:2927: ./a.out
configure:2931: $? = 0
configure:2948: result: yes
configure:2955: checking whether we are cross compiling
configure:2957: result: no
configure:2960: checking for suffix of executables
configure:2967: gcc -o conftest    conftest.c  >&5
configure:2971: $? = 0
configure:2995: result: 
configure:3001: checking for suffix of object files
configure:3027: gcc -c   conftest.c >&5
configure:3031: $? = 0
configure:3054: result: o
configure:3058: checking whether we are using the GNU C compiler
configure:3087: gcc -c   conftest.c >&5
configure:3094: $? = 0
configure:3111: result: yes
configure:3120: checking whether gcc accepts -g
configure:3150: gcc -c -g  conftest.c >&5
configure:3157: $? = 0
configure:3258: result: yes
configure:3275: checking for gcc option to accept ISO C89
configure:3349: gcc  -c -g -O2  conftest.c >&5
configure:3356: $? = 0
configure:3379: result: none needed
configure:3408: checking for style of include used by make
configure:3436: result: GNU
configure:3461: checking dependency style of gcc
configure:3552: result: gcc3
configure:3585: checking how to run the C preprocessor
configure:3625: gcc -E  conftest.c
configure:3632: $? = 0
configure:3663: gcc -E  conftest.c
conftest.c:10:28: error: ac_nonexistent.h: No such file or directory
configure:3670: $? = 1
configure: failed program was:
| /* confdefs.h.  */
| #define PACKAGE_NAME "spamguard"
| #define PACKAGE_TARNAME "spamguard"
| #define PACKAGE_VERSION "1.8"
| #define PACKAGE_STRING "spamguard 1.8"
| #define PACKAGE_BUGREPORT "core@enderunix.org"
| #define PACKAGE "spamguard"
| #define VERSION "1.8"
| /* end confdefs.h.  */
| #include <ac_nonexistent.h>
configure:3703: result: gcc -E
configure:3732: gcc -E  conftest.c
configure:3739: $? = 0
configure:3770: gcc -E  conftest.c
conftest.c:10:28: error: ac_nonexistent.h: No such file or directory
configure:3777: $? = 1
configure: failed program was:
| /* confdefs.h.  */
| #define PACKAGE_NAME "spamguard"
| #define PACKAGE_TARNAME "spamguard"
| #define PACKAGE_VERSION "1.8"
| #define PACKAGE_STRING "spamguard 1.8"
| #define PACKAGE_BUGREPORT "core@enderunix.org"
| #define PACKAGE "spamguard"
| #define VERSION "1.8"
| /* end confdefs.h.  */
| #include <ac_nonexistent.h>
configure:3815: checking for grep that handles long lines and -e
configure:3875: result: /usr/bin/grep
configure:3880: checking for egrep
configure:3944: result: /usr/bin/grep -E
configure:3949: checking for ANSI C header files
configure:3979: gcc -c -g -O2  conftest.c >&5
configure:3986: $? = 0
configure:4085: gcc -o conftest -g -O2   conftest.c  >&5
configure:4089: $? = 0
configure:4095: ./conftest
configure:4099: $? = 0
configure:4117: result: yes
configure:4141: checking for sys/types.h
configure:4162: gcc -c -g -O2  conftest.c >&5
configure:4169: $? = 0
configure:4186: result: yes
configure:4141: checking for sys/stat.h
configure:4162: gcc -c -g -O2  conftest.c >&5
configure:4169: $? = 0
configure:4186: result: yes
configure:4141: checking for stdlib.h
configure:4162: gcc -c -g -O2  conftest.c >&5
configure:4169: $? = 0
configure:4186: result: yes
configure:4141: checking for string.h
configure:4162: gcc -c -g -O2  conftest.c >&5
configure:4169: $? = 0
configure:4186: result: yes
configure:4141: checking for memory.h
configure:4162: gcc -c -g -O2  conftest.c >&5
configure:4169: $? = 0
configure:4186: result: yes
configure:4141: checking for strings.h
configure:4162: gcc -c -g -O2  conftest.c >&5
configure:4169: $? = 0
configure:4186: result: yes
configure:4141: checking for inttypes.h
configure:4162: gcc -c -g -O2  conftest.c >&5
configure:4169: $? = 0
configure:4186: result: yes
configure:4141: checking for stdint.h
configure:4162: gcc -c -g -O2  conftest.c >&5
configure:4169: $? = 0
configure:4186: result: yes
configure:4141: checking for unistd.h
configure:4162: gcc -c -g -O2  conftest.c >&5
configure:4169: $? = 0
configure:4186: result: yes
configure:4219: checking fcntl.h usability
configure:4236: gcc -c -g -O2  conftest.c >&5
configure:4243: $? = 0
configure:4257: result: yes
configure:4261: checking fcntl.h presence
configure:4276: gcc -E  conftest.c
configure:4283: $? = 0
configure:4297: result: yes
configure:4330: checking for fcntl.h
configure:4339: result: yes
configure:4208: checking for stdlib.h
configure:4215: result: yes
configure:4208: checking for string.h
configure:4215: result: yes
configure:4208: checking for strings.h
configure:4215: result: yes
configure:4208: checking for unistd.h
configure:4215: result: yes
configure:4355: checking for size_t
configure:4383: gcc -c -g -O2  conftest.c >&5
configure:4390: $? = 0
configure:4417: gcc -c -g -O2  conftest.c >&5
conftest.c: In function 'main':
conftest.c:61: error: expected expression before ')' token
configure:4424: $? = 1
configure: failed program was:
| /* confdefs.h.  */
| #define PACKAGE_NAME "spamguard"
| #define PACKAGE_TARNAME "spamguard"
| #define PACKAGE_VERSION "1.8"
| #define PACKAGE_STRING "spamguard 1.8"
| #define PACKAGE_BUGREPORT "core@enderunix.org"
| #define PACKAGE "spamguard"
| #define VERSION "1.8"
| #define STDC_HEADERS 1
| #define HAVE_SYS_TYPES_H 1
| #define HAVE_SYS_STAT_H 1
| #define HAVE_STDLIB_H 1
| #define HAVE_STRING_H 1
| #define HAVE_MEMORY_H 1
| #define HAVE_STRINGS_H 1
| #define HAVE_INTTYPES_H 1
| #define HAVE_STDINT_H 1
| #define HAVE_UNISTD_H 1
| #define HAVE_FCNTL_H 1
| #define HAVE_STDLIB_H 1
| #define HAVE_STRING_H 1
| #define HAVE_STRINGS_H 1
| #define HAVE_UNISTD_H 1
| /* end confdefs.h.  */
| #include <stdio.h>
| #ifdef HAVE_SYS_TYPES_H
| # include <sys/types.h>
| #endif
| #ifdef HAVE_SYS_STAT_H
| # include <sys/stat.h>
| #endif
| #ifdef STDC_HEADERS
| # include <stdlib.h>
| # include <stddef.h>
| #else
| # ifdef HAVE_STDLIB_H
| #  include <stdlib.h>
| # endif
| #endif
| #ifdef HAVE_STRING_H
| # if !defined STDC_HEADERS && defined HAVE_MEMORY_H
| #  include <memory.h>
| # endif
| # include <string.h>
| #endif
| #ifdef HAVE_STRINGS_H
| # include <strings.h>
| #endif
| #ifdef HAVE_INTTYPES_H
| # include <inttypes.h>
| #endif
| #ifdef HAVE_STDINT_H
| # include <stdint.h>
| #endif
| #ifdef HAVE_UNISTD_H
| # include <unistd.h>
| #endif
| int
| main ()
| {
| if (sizeof ((size_t)))
| 	  return 0;
|   ;
|   return 0;
| }
configure:4447: result: yes
configure:4466: checking for stdlib.h
configure:4473: result: yes
configure:4611: checking for GNU libc compatible malloc
configure:4645: gcc -o conftest -g -O2   conftest.c  >&5
configure:4649: $? = 0
configure:4655: ./conftest
configure:4659: $? = 0
configure:4676: result: yes
configure:4704: checking whether lstat dereferences a symlink specified with a trailing slash
configure:4740: gcc -o conftest -g -O2   conftest.c  >&5
configure:4744: $? = 0
configure:4750: ./conftest
configure:4754: $? = 0
configure:4778: result: yes
configure:4797: checking whether stat accepts an empty string
configure:4827: gcc -o conftest -g -O2   conftest.c  >&5
configure:4831: $? = 0
configure:4837: ./conftest
configure:4841: $? = 0
configure:4858: result: no
configure:4883: checking for gethostname
configure:4939: gcc -o conftest -g -O2   conftest.c  >&5
configure:4946: $? = 0
configure:4968: result: yes
configure:4883: checking for memset
configure:4939: gcc -o conftest -g -O2   conftest.c  >&5
conftest.c:52: warning: conflicting types for built-in function 'memset'
configure:4946: $? = 0
configure:4968: result: yes
configure:4883: checking for strcasecmp
configure:4939: gcc -o conftest -g -O2   conftest.c  >&5
conftest.c:53: warning: conflicting types for built-in function 'strcasecmp'
configure:4946: $? = 0
configure:4968: result: yes
configure:4883: checking for strdup
configure:4939: gcc -o conftest -g -O2   conftest.c  >&5
conftest.c:54: warning: conflicting types for built-in function 'strdup'
configure:4946: $? = 0
configure:4968: result: yes
configure:4883: checking for strerror
configure:4939: gcc -o conftest -g -O2   conftest.c  >&5
configure:4946: $? = 0
configure:4968: result: yes
configure:4883: checking for strstr
configure:4939: gcc -o conftest -g -O2   conftest.c  >&5
conftest.c:56: warning: conflicting types for built-in function 'strstr'
configure:4946: $? = 0
configure:4968: result: yes
configure:5108: creating ./config.status

## ---------------------- ##
## Running config.status. ##
## ---------------------- ##

This file was extended by spamguard config.status 1.8, which was
generated by GNU Autoconf 2.62.  Invocation command line was

  CONFIG_FILES    = 
  CONFIG_HEADERS  = 
  CONFIG_LINKS    = 
  CONFIG_COMMANDS = 
  $ ./config.status 

on fuzuli.enderunix.org

config.status:799: creating Makefile
config.status:799: creating tr/Makefile
config.status:799: creating spamguard.conf
config.status:799: creating spamguard_qsheff.conf
config.status:799: creating config.h
config.status:1073: executing depfiles commands

## ---------------- ##
## Cache variables. ##
## ---------------- ##

ac_cv_build=i386-unknown-freebsd7.4
ac_cv_c_compiler_gnu=yes
ac_cv_env_CC_set=''
ac_cv_env_CC_value=''
ac_cv_env_CFLAGS_set=''
ac_cv_env_CFLAGS_value=''
ac_cv_env_CPPFLAGS_set=''
ac_cv_env_CPPFLAGS_value=''
ac_cv_env_CPP_set=''
ac_cv_env_CPP_value=''
ac_cv_env_LDFLAGS_set=''
ac_cv_env_LDFLAGS_value=''
ac_cv_env_LIBS_set=''
ac_cv_env_LIBS_value=''
ac_cv_env_build_alias_set=''
ac_cv_env_build_alias_value=''
ac_cv_env_host_alias_set=''
ac_cv_env_host_alias_value=''
ac_cv_env_target_alias_set=''
ac_cv_env_target_alias_value=''
ac_cv_func_gethostname=yes
ac_cv_func_lstat_dereferences_slashed_symlink=yes
ac_cv_func_malloc_0_nonnull=yes
ac_cv_func_memset=yes
ac_cv_func_stat_empty_string_bug=no
ac_cv_func_strcasecmp=yes
ac_cv_func_strdup=yes
ac_cv_func_strerror=yes
ac_cv_func_strstr=yes
ac_cv_header_fcntl_h=yes
ac_cv_header_inttypes_h=yes
ac_cv_header_memory_h=yes
ac_cv_header_stdc=yes
ac_cv_header_stdint_h=yes
ac_cv_header_stdlib_h=yes
ac_cv_header_string_h=yes
ac_cv_header_strings_h=yes
ac_cv_header_sys_stat_h=yes
ac_cv_header_sys_types_h=yes
ac_cv_header_unistd_h=yes
ac_cv_host=i386-unknown-freebsd7.4
ac_cv_objext=o
ac_cv_path_EGREP='/usr/bin/grep -E'
ac_cv_path_GREP=/usr/bin/grep
ac_cv_path_install='/usr/bin/install -c'
ac_cv_prog_AWK=nawk
ac_cv_prog_CPP='gcc -E'
ac_cv_prog_ac_ct_CC=gcc
ac_cv_prog_cc_c89=''
ac_cv_prog_cc_g=yes
ac_cv_prog_make_make_set=yes
ac_cv_target=i386-unknown-freebsd7.4
ac_cv_type_size_t=yes
am_cv_CC_dependencies_compiler_type=gcc3

## ----------------- ##
## Output variables. ##
## ----------------- ##

ACLOCAL='${SHELL} /usr/home/cihangir/spamguard-1.9-BETA/missing --run aclocal-1.10'
AMDEPBACKSLASH='\'
AMDEP_FALSE='#'
AMDEP_TRUE=''
AMTAR='${SHELL} /usr/home/cihangir/spamguard-1.9-BETA/missing --run tar'
AUTOCONF='${SHELL} /usr/home/cihangir/spamguard-1.9-BETA/missing --run autoconf'
AUTOHEADER='${SHELL} /usr/home/cihangir/spamguard-1.9-BETA/missing --run autoheader'
AUTOMAKE='${SHELL} /usr/home/cihangir/spamguard-1.9-BETA/missing --run automake-1.10'
AWK='nawk'
CC='gcc'
CCDEPMODE='depmode=gcc3'
CFLAGS='-g -O2'
CPP='gcc -E'
CPPFLAGS=''
CYGPATH_W='echo'
DEFS='-DHAVE_CONFIG_H'
DEPDIR='.deps'
ECHO_C=''
ECHO_N='-n'
ECHO_T=''
EGREP='/usr/bin/grep -E'
EXEEXT=''
GREP='/usr/bin/grep'
INSTALL_DATA='${INSTALL} -m 644'
INSTALL_PROGRAM='${INSTALL}'
INSTALL_SCRIPT='${INSTALL}'
INSTALL_STRIP_PROGRAM='$(install_sh) -c -s'
LDFLAGS=''
LIBOBJS=''
LIBS=''
LTLIBOBJS=''
MAKEINFO='${SHELL} /usr/home/cihangir/spamguard-1.9-BETA/missing --run makeinfo'
MKDIR_P='./install-sh -c -d'
OBJEXT='o'
PACKAGE='spamguard'
PACKAGE_BUGREPORT='core@enderunix.org'
PACKAGE_NAME='spamguard'
PACKAGE_STRING='spamguard 1.8'
PACKAGE_TARNAME='spamguard'
PACKAGE_VERSION='1.8'
PATH_SEPARATOR=':'
SET_MAKE=''
SHELL='/bin/sh'
STRIP=''
VERSION='1.8'
ac_ct_CC='gcc'
am__fastdepCC_FALSE='#'
am__fastdepCC_TRUE=''
am__include='include'
am__isrc=''
am__leading_dot='.'
am__quote=''
am__tar='${AMTAR} chof - "$$tardir"'
am__untar='${AMTAR} xf -'
bindir='${exec_prefix}/bin'
build='i386-unknown-freebsd7.4'
build_alias=''
build_cpu='i386'
build_os='freebsd7.4'
build_vendor='unknown'
datadir='${datarootdir}'
datarootdir='${prefix}/share'
docdir='${datarootdir}/doc/${PACKAGE_TARNAME}'
dvidir='${docdir}'
exec_prefix='${prefix}'
host='i386-unknown-freebsd7.4'
host_alias=''
host_cpu='i386'
host_os='freebsd7.4'
host_vendor='unknown'
htmldir='${docdir}'
includedir='${prefix}/include'
infodir='${datarootdir}/info'
install_sh='$(SHELL) /usr/home/cihangir/spamguard-1.9-BETA/install-sh'
libdir='${exec_prefix}/lib'
libexecdir='${exec_prefix}/libexec'
localedir='${datarootdir}/locale'
localstatedir='${prefix}/var'
mandir='${datarootdir}/man'
mkdir_p='$(top_builddir)/./install-sh -c -d'
oldincludedir='/usr/include'
pdfdir='${docdir}'
prefix='/usr/local'
program_transform_name='s,x,x,'
psdir='${docdir}'
sbindir='${exec_prefix}/sbin'
sharedstatedir='${prefix}/com'
sysconfdir='${prefix}/etc'
target='i386-unknown-freebsd7.4'
target_alias=''
target_cpu='i386'
target_os='freebsd7.4'
target_vendor='unknown'

## ----------- ##
## confdefs.h. ##
## ----------- ##

#define PACKAGE_NAME "spamguard"
#define PACKAGE_TARNAME "spamguard"
#define PACKAGE_VERSION "1.8"
#define PACKAGE_STRING "spamguard 1.8"
#define PACKAGE_BUGREPORT "core@enderunix.org"
#define PACKAGE "spamguard"
#define VERSION "1.8"
#define STDC_HEADERS 1
#define HAVE_SYS_TYPES_H 1
#define HAVE_SYS_STAT_H 1
#define HAVE_STDLIB_H 1
#define HAVE_STRING_H 1
#define HAVE_MEMORY_H 1
#define HAVE_STRINGS_H 1
#define HAVE_INTTYPES_H 1
#define HAVE_STDINT_H 1
#define HAVE_UNISTD_H 1
#define HAVE_FCNTL_H 1
#define HAVE_STDLIB_H 1
#define HAVE_STRING_H 1
#define HAVE_STRINGS_H 1
#define HAVE_UNISTD_H 1
#define HAVE_STDLIB_H 1
#define HAVE_MALLOC 1
#define LSTAT_FOLLOWS_SLASHED_SYMLINK 1
#define HAVE_GETHOSTNAME 1
#define HAVE_MEMSET 1
#define HAVE_STRCASECMP 1
#define HAVE_STRDUP 1
#define HAVE_STRERROR 1
#define HAVE_STRSTR 1
#define CONFIGFILE "/usr/local/etc/spamguard/spamguard.conf"
#define CONFIGFILE "/usr/local/etc/spamguard/spamguard_qsheff.conf"

configure: exit 0

## ---------------------- ##
## Running config.status. ##
## ---------------------- ##

This file was extended by spamguard config.status 1.8, which was
generated by GNU Autoconf 2.62.  Invocation command line was

  CONFIG_FILES    = 
  CONFIG_HEADERS  = 
  CONFIG_LINKS    = 
  CONFIG_COMMANDS = 
  $ ./config.status config.h

on fuzuli.enderunix.org

config.status:799: creating config.h
